2020-12-16 15:19:37 INFO  App:9 - Программа запущена!
2020-12-16 15:19:37 INFO  App:25 - Работа программы завершена!
2020-12-16 15:21:20 INFO  App:9 - Программа запущена!
2020-12-16 15:21:20 FATAL App:26 - java.lang.ArithmeticException: / by zero
2020-12-16 15:21:20 INFO  App:29 - Работа программы завершена!
2020-12-16 15:21:34 INFO  App:9 - Программа запущена!
2020-12-16 15:21:34 FATAL App:26 - / by zero
2020-12-16 15:21:34 INFO  App:29 - Работа программы завершена!
2020-12-16 15:21:50 INFO  App:9 - Программа запущена!
2020-12-16 15:21:50 FATAL App:26 - java.lang.ArithmeticException: / by zero
2020-12-16 15:21:50 INFO  App:29 - Работа программы завершена!
2020-12-16 15:22:31 INFO  App:9 - Программа запущена!
2020-12-16 15:22:31 FATAL App:24 - java.lang.Exception: Тест фатальной ошибки...
2020-12-16 15:22:31 INFO  App:27 - Работа программы завершена!
2020-12-16 15:23:12 INFO  App:9 - ----------------------------------------
2020-12-16 15:23:12 INFO  App:10 - Программа запущена!
2020-12-16 15:23:12 FATAL App:25 - java.lang.Exception: Тест фатальной ошибки...
2020-12-16 15:23:12 INFO  App:28 - Работа программы завершена!
2020-12-16 15:23:25 INFO  App:9 - ----------------------------------------
2020-12-16 15:23:25 INFO  App:10 - Программа запущена!
2020-12-16 15:23:25 FATAL App:25 - java.lang.Exception: Тест фатальной ошибки...
2020-12-16 15:23:25 INFO  App:28 - Работа программы завершена!
